Arguments: 
  C:\Program Files\nodejs\node.exe C:\Users\Umesh\AppData\Roaming\npm\node_modules\yarn\bin\yarn.js add @mui/icons-material

PATH: 
  C:\Windows\System32\;C:\Program Files (x86)\Windows Kits\10\Windows Performance Toolkit\;C:\Program Files\Microsoft SQL Server\130\Tools\Binn\;C:\Program Files (x86)\NVIDIA Corporation\PhysX\Common;C:\Program Files\NVIDIA Corporation\NVIDIA NvDLISR;C:\Program Files\VisioForge\VisioForge SDKs .Net TRIAL\Redist\FFMPEG\;C:\Program Files\VisioForge\VisioForge SDKs .Net TRIAL\Redist\DotNet\4.0\x64\;C:\Program Files\VisioForge\VisioForge SDKs .Net TRIAL\Redist\Filters\;C:\Users\Umesh\AppData\Local\Android\Sdk\platform-tools\adb.exe;C:\Program Files\Java\jdk-14.0.2\bin;C:\Program Files\Java\jre1.8.0_281\bin;C:\Program Files (x86)\Python37-32\Scripts;C:\Program Files\nodejs\;C:\Program Files\Git\cmd;C:\Program Files\MySQL\MySQL Shell 8.0\bin\;C:\Program Files\JetBrains\PyCharm Community Edition 2019.3.1\bin;;C:\Program Files (x86)\Inno Setup 6;C:\Users\Umesh\AppData\Local\Programs\Microsoft VS Code\bin;C:\Users\Umesh\AppData\Roaming\npm;C:\Users\Umesh\AppData\Roaming\npm\node_modules;

Yarn version: 
  1.22.17

Node version: 
  16.13.1

Platform: 
  win32 x64

Trace: 
  Error: https://registry.yarnpkg.com/@mui/icons-material/-/icons-material-5.6.2.tgz: ESOCKETTIMEDOUT
      at ClientRequest.<anonymous> (C:\Users\Umesh\AppData\Roaming\npm\node_modules\yarn\lib\cli.js:141510:19)
      at Object.onceWrapper (node:events:509:28)
      at ClientRequest.emit (node:events:390:28)
      at TLSSocket.emitRequestTimeout (node:_http_client:763:9)
      at Object.onceWrapper (node:events:509:28)
      at TLSSocket.emit (node:events:402:35)
      at TLSSocket.Socket._onTimeout (node:net:501:8)
      at listOnTimeout (node:internal/timers:557:17)
      at processTimers (node:internal/timers:500:7)

npm manifest: 
  {
    "dependencies": {
      "axios": "^0.24.0",
      "react-native-password-eye": "^1.0.5",
      "react-router-dom": "^5.3.0",
      "react-tabs": "^4.2.0",
      "react-toastify": "^8.1.1",
      "react-toastr": "^3.0.0",
      "validator": "^13.7.0"
    }
  }

yarn manifest: 
  No manifest

Lockfile: 
  # THIS IS AN AUTOGENERATED FILE. DO NOT EDIT THIS FILE DIRECTLY.
  # yarn lockfile v1
  
  
  "@babel/runtime@^7.1.2", "@babel/runtime@^7.12.1", "@babel/runtime@^7.12.13":
    version "7.17.9"
    resolved "https://registry.yarnpkg.com/@babel/runtime/-/runtime-7.17.9.tgz#d19fbf802d01a8cb6cf053a64e472d42c434ba72"
    integrity sha512-lSiBBvodq29uShpWGNbgFdKYNiFDo5/HIYsaCEY9ff4sb10x9jizo2+pRrSyF4jKZCXqgzuqBOQKbUm90gQwJg==
    dependencies:
      regenerator-runtime "^0.13.4"
  
  axios@^0.24.0:
    version "0.24.0"
    resolved "https://registry.yarnpkg.com/axios/-/axios-0.24.0.tgz#804e6fa1e4b9c5288501dd9dff56a7a0940d20d6"
    integrity sha512-Q6cWsys88HoPgAaFAVUb0WpPk0O8iTeisR9IMqy9G8AbO4NlpVknrnQS03zzF9PGAWgO3cgletO3VjV/P7VztA==
    dependencies:
      follow-redirects "^1.14.4"
  
  babel-runtime@^6.26.0:
    version "6.26.0"
    resolved "https://registry.yarnpkg.com/babel-runtime/-/babel-runtime-6.26.0.tgz#965c7058668e82b55d7bfe04ff2337bc8b5647fe"
    integrity sha1-llxwWGaOgrVde/4E/yM3vItWR/4=
    dependencies:
      core-js "^2.4.0"
      regenerator-runtime "^0.11.0"
  
  classnames@^2.2.5:
    version "2.3.1"
    resolved "https://registry.yarnpkg.com/classnames/-/classnames-2.3.1.tgz#dfcfa3891e306ec1dad105d0e88f4417b8535e8e"
    integrity sha512-OlQdbZ7gLfGarSqxesMesDa5uz7KFbID8Kpq/SxIoNGDqY8lSYs0D+hhtBXhcdB3rcbXArFr7vlHheLk1voeNA==
  
  clsx@^1.1.0, clsx@^1.1.1:
    version "1.1.1"
    resolved "https://registry.yarnpkg.com/clsx/-/clsx-1.1.1.tgz#98b3134f9abbdf23b2663491ace13c5c03a73188"
    integrity sha512-6/bPho624p3S2pMyvP5kKBPXnI3ufHLObBFCfgx+LkeR5lg2XYy2hqZqUf45ypD8COn2bhgGJSUE+l5dhNBieA==
  
  core-js@^2.4.0:
    version "2.6.12"
    resolved "https://registry.yarnpkg.com/core-js/-/core-js-2.6.12.tgz#d9333dfa7b065e347cc5682219d6f690859cc2ec"
    integrity sha512-Kb2wC0fvsWfQrgk8HU5lW6U/Lcs8+9aaYcy4ZFc6DDlo4nZ7n70dEgE5rtR0oG6ufKDUnrwfWL1mXR5ljDatrQ==
  
  dom-helpers@^3.2.1:
    version "3.4.0"
    resolved "https://registry.yarnpkg.com/dom-helpers/-/dom-helpers-3.4.0.tgz#e9b369700f959f62ecde5a6babde4bccd9169af8"
    integrity sha512-LnuPJ+dwqKDIyotW1VzmOZ5TONUN7CwkCR5hrgawTUbkBGYdeoNLZo6nNfGkCrjtE1nXXaj7iMMpDa8/d9WoIA==
    dependencies:
      "@babel/runtime" "^7.1.2"
  
  follow-redirects@^1.14.4:
    version "1.14.9"
    resolved "https://registry.yarnpkg.com/follow-redirects/-/follow-redirects-1.14.9.tgz#dd4ea157de7bfaf9ea9b3fbd85aa16951f78d8d7"
    integrity sha512-MQDfihBQYMcyy5dhRDJUHcw7lb2Pv/TuE6xP1vyraLukNDHKbDxDNaOE3NbCAdKQApno+GPRyo1YAp89yCjK4w==
  
  history@^4.9.0:
    version "4.10.1"
    resolved "https://registry.yarnpkg.com/history/-/history-4.10.1.tgz#33371a65e3a83b267434e2b3f3b1b4c58aad4cf3"
    integrity sha512-36nwAD620w12kuzPAsyINPWJqlNbij+hpK1k9XRloDtym8mxzGYl2c17LnV6IAGB2Dmg4tEa7G7DlawS0+qjew==
    dependencies:
      "@babel/runtime" "^7.1.2"
      loose-envify "^1.2.0"
      resolve-pathname "^3.0.0"
      tiny-invariant "^1.0.2"
      tiny-warning "^1.0.0"
      value-equal "^1.0.1"
  
  hoist-non-react-statics@^3.1.0:
    version "3.3.2"
    resolved "https://registry.yarnpkg.com/hoist-non-react-statics/-/hoist-non-react-statics-3.3.2.tgz#ece0acaf71d62c2969c2ec59feff42a4b1a85b45"
    integrity sha512-/gGivxi8JPKWNm/W0jSmzcMPpfpPLc3dY/6GxhX2hQ9iGj3aDfklV4ET7NjKpSinLpJ5vafa9iiGIEZg10SfBw==
    dependencies:
      react-is "^16.7.0"
  
  isarray@0.0.1:
    version "0.0.1"
    resolved "https://registry.yarnpkg.com/isarray/-/isarray-0.0.1.tgz#8a18acfca9a8f4177e09abfc6038939b05d1eedf"
    integrity sha1-ihis/Kmo9Bd+Cav8YDiTmwXR7t8=
  
  "js-tokens@^3.0.0 || ^4.0.0":
    version "4.0.0"
    resolved "https://registry.yarnpkg.com/js-tokens/-/js-tokens-4.0.0.tgz#19203fb59991df98e3a287050d4647cdeaf32499"
    integrity sha512-RdJUflcE3cUzKiMqQgsCu06FPu9UdIJO0beYbPhHN4k6apgJtifcoCtT9bcxOpYBtpD2kCM6Sbzg4CausW/PKQ==
  
  lodash@^4.17.4:
    version "4.17.21"
    resolved "https://registry.yarnpkg.com/lodash/-/lodash-4.17.21.tgz#679591c564c3bffaae8454cf0b3df370c3d6911c"
    integrity sha512-v2kDEe57lecTulaDIuNTPy3Ry4gLGJ6Z1O3vE1krgXZNrsQ+LFTGHVxVjcXPs17LhbZVGedAJv8XZ1tvj5FvSg==
  
  loose-envify@^1.2.0, loose-envify@^1.3.1, loose-envify@^1.4.0:
    version "1.4.0"
    resolved "https://registry.yarnpkg.com/loose-envify/-/loose-envify-1.4.0.tgz#71ee51fa7be4caec1a63839f7e682d8132d30caf"
    integrity sha512-lyuxPGr/Wfhrlem2CL/UcnUc1zcqKAImBDzukY7Y5F/yQiNdko6+fRLevlw1HgMySw7f611UIY408EtxRSoK3Q==
    dependencies:
      js-tokens "^3.0.0 || ^4.0.0"
  
  mini-create-react-context@^0.4.0:
    version "0.4.1"
    resolved "https://registry.yarnpkg.com/mini-create-react-context/-/mini-create-react-context-0.4.1.tgz#072171561bfdc922da08a60c2197a497cc2d1d5e"
    integrity sha512-YWCYEmd5CQeHGSAKrYvXgmzzkrvssZcuuQDDeqkT+PziKGMgE+0MCCtcKbROzocGBG1meBLl2FotlRwf4gAzbQ==
    dependencies:
      "@babel/runtime" "^7.12.1"
      tiny-warning "^1.0.3"
  
  object-assign@^4.1.1:
    version "4.1.1"
    resolved "https://registry.yarnpkg.com/object-assign/-/object-assign-4.1.1.tgz#2109adc7965887cfc05cbbd442cac8bfbb360863"
    integrity sha1-IQmtx5ZYh8/AXLvUQsrIv7s2CGM=
  
  path-to-regexp@^1.7.0:
    version "1.8.0"
    resolved "https://registry.yarnpkg.com/path-to-regexp/-/path-to-regexp-1.8.0.tgz#887b3ba9d84393e87a0a0b9f4cb756198b53548a"
    integrity sha512-n43JRhlUKUAlibEJhPeir1ncUID16QnEjNpwzNdO3Lm4ywrBpBZ5oLD0I6br9evr1Y9JTqwRtAh7JLoOzAQdVA==
    dependencies:
      isarray "0.0.1"
  
  prop-types@^15.5.0, prop-types@^15.6.2, prop-types@^15.7.2:
    version "15.8.1"
    resolved "https://registry.yarnpkg.com/prop-types/-/prop-types-15.8.1.tgz#67d87bf1a694f48435cf332c24af10214a3140b5"
    integrity sha512-oj87CgZICdulUohogVAR7AjlC0327U4el4L6eAvOqCeudMDVU0NThNaV+b9Df4dXgSP1gXMTnPdhfe/2qDH5cg==
    dependencies:
      loose-envify "^1.4.0"
      object-assign "^4.1.1"
      react-is "^16.13.1"
  
  react-is@^16.13.1, react-is@^16.6.0, react-is@^16.7.0:
    version "16.13.1"
    resolved "https://registry.yarnpkg.com/react-is/-/react-is-16.13.1.tgz#789729a4dc36de2999dc156dd6c1d9c18cea56a4"
    integrity sha512-24e6ynE2H+OKt4kqsOvNd8kBpV65zoxbA4BVsEOB3ARVWQki/DHzaUoC5KuON/BiccDaCCTZBuOcfZs70kR8bQ==
  
  react-native-password-eye@^1.0.5:
    version "1.0.5"
    resolved "https://registry.yarnpkg.com/react-native-password-eye/-/react-native-password-eye-1.0.5.tgz#2e2fc2b69fc43f10046d8372f17d53ee31f46d63"
    integrity sha512-kIY7y5agdLeZMFygTGNXeRtGYIx87kt2IxEoaFnwSaJ5MkkIDxQCWMsOvxqXJfYhgmeRm0QvxBK2AbXWJRM2DQ==
    dependencies:
      prop-types "^15.7.2"
  
  react-router-dom@^5.3.0:
    version "5.3.1"
    resolved "https://registry.yarnpkg.com/react-router-dom/-/react-router-dom-5.3.1.tgz#0151baf2365c5fcd8493f6ec9b9b31f34d0f8ae1"
    integrity sha512-f0pj/gMAbv9e8gahTmCEY20oFhxhrmHwYeIwH5EO5xu0qme+wXtsdB8YfUOAZzUz4VaXmb58m3ceiLtjMhqYmQ==
    dependencies:
      "@babel/runtime" "^7.12.13"
      history "^4.9.0"
      loose-envify "^1.3.1"
      prop-types "^15.6.2"
      react-router "5.3.1"
      tiny-invariant "^1.0.2"
      tiny-warning "^1.0.0"
  
  react-router@5.3.1:
    version "5.3.1"
    resolved "https://registry.yarnpkg.com/react-router/-/react-router-5.3.1.tgz#b13e84a016c79b9e80dde123ca4112c4f117e3cf"
    integrity sha512-v+zwjqb7bakqgF+wMVKlAPTca/cEmPOvQ9zt7gpSNyPXau1+0qvuYZ5BWzzNDP1y6s15zDwgb9rPN63+SIniRQ==
    dependencies:
      "@babel/runtime" "^7.12.13"
      history "^4.9.0"
      hoist-non-react-statics "^3.1.0"
      loose-envify "^1.3.1"
      mini-create-react-context "^0.4.0"
      path-to-regexp "^1.7.0"
      prop-types "^15.6.2"
      react-is "^16.6.0"
      tiny-invariant "^1.0.2"
      tiny-warning "^1.0.0"
  
  react-tabs@^4.2.0:
    version "4.2.1"
    resolved "https://registry.yarnpkg.com/react-tabs/-/react-tabs-4.2.1.tgz#82e2dc787555e791f909746dd64164d780d7d477"
    integrity sha512-nQcEN3KrAsSry6f9Jz2oyMQsnh+sLEy31YjlskL/mnI3KU/c7BeyD1VzHZmmcJ15UEFu12pYOXYkdTzZ0uyIbw==
    dependencies:
      clsx "^1.1.0"
      prop-types "^15.5.0"
  
  react-toastify@^8.1.1:
    version "8.2.0"
    resolved "https://registry.yarnpkg.com/react-toastify/-/react-toastify-8.2.0.tgz#ef7d56bdfdc6272ca6b228368ab564721c3a3244"
    integrity sha512-Pg2Ju7NngAamarFvLwqrFomJ57u/Ay6i6zfLurt/qPynWkAkOthu6vxfqYpJCyNhHRhR4hu7+bySSeWWJu6PAg==
    dependencies:
      clsx "^1.1.1"
  
  react-toastr@^3.0.0:
    version "3.0.0"
    resolved "https://registry.yarnpkg.com/react-toastr/-/react-toastr-3.0.0.tgz#1712aafc613ccc2afbf6c1c11c55d558f5d58328"
    integrity sha512-sFDMTzRdfYJK54F6z+34M0Ofj6I++zuaIGls9Mlsy/R895lt54YTqjyM40SSJp1ATi/mosCnUPhJbftTRUsx3w==
    dependencies:
      babel-runtime "^6.26.0"
      classnames "^2.2.5"
      dom-helpers "^3.2.1"
      lodash "^4.17.4"
  
  regenerator-runtime@^0.11.0:
    version "0.11.1"
    resolved "https://registry.yarnpkg.com/regenerator-runtime/-/regenerator-runtime-0.11.1.tgz#be05ad7f9bf7d22e056f9726cee5017fbf19e2e9"
    integrity sha512-MguG95oij0fC3QV3URf4V2SDYGJhJnJGqvIIgdECeODCT98wSWDAJ94SSuVpYQUoTcGUIL6L4yNB7j1DFFHSBg==
  
  regenerator-runtime@^0.13.4:
    version "0.13.9"
    resolved "https://registry.yarnpkg.com/regenerator-runtime/-/regenerator-runtime-0.13.9.tgz#8925742a98ffd90814988d7566ad30ca3b263b52"
    integrity sha512-p3VT+cOEgxFsRRA9X4lkI1E+k2/CtnKtU4gcxyaCUreilL/vqI6CdZ3wxVUx3UOUg+gnUOQQcRI7BmSI656MYA==
  
  resolve-pathname@^3.0.0:
    version "3.0.0"
    resolved "https://registry.yarnpkg.com/resolve-pathname/-/resolve-pathname-3.0.0.tgz#99d02224d3cf263689becbb393bc560313025dcd"
    integrity sha512-C7rARubxI8bXFNB/hqcp/4iUeIXJhJZvFPFPiSPRnhU5UPxzMFIl+2E6yY6c4k9giDJAhtV+enfA+G89N6Csng==
  
  tiny-invariant@^1.0.2:
    version "1.2.0"
    resolved "https://registry.yarnpkg.com/tiny-invariant/-/tiny-invariant-1.2.0.tgz#a1141f86b672a9148c72e978a19a73b9b94a15a9"
    integrity sha512-1Uhn/aqw5C6RI4KejVeTg6mIS7IqxnLJ8Mv2tV5rTc0qWobay7pDUz6Wi392Cnc8ak1H0F2cjoRzb2/AW4+Fvg==
  
  tiny-warning@^1.0.0, tiny-warning@^1.0.3:
    version "1.0.3"
    resolved "https://registry.yarnpkg.com/tiny-warning/-/tiny-warning-1.0.3.tgz#94a30db453df4c643d0fd566060d60a875d84754"
    integrity sha512-lBN9zLN/oAf68o3zNXYrdCt1kP8WsiGW8Oo2ka41b2IM5JL/S1CTyX1rW0mb/zSuJun0ZUrDxx4sqvYS2FWzPA==
  
  validator@^13.7.0:
    version "13.7.0"
    resolved "https://registry.yarnpkg.com/validator/-/validator-13.7.0.tgz#4f9658ba13ba8f3d82ee881d3516489ea85c0857"
    integrity sha512-nYXQLCBkpJ8X6ltALua9dRrZDHVYxjJ1wgskNt1lH9fzGjs3tgojGSCBjmEPwkWS1y29+DrizMTW19Pr9uB2nw==
  
  value-equal@^1.0.1:
    version "1.0.1"
    resolved "https://registry.yarnpkg.com/value-equal/-/value-equal-1.0.1.tgz#1e0b794c734c5c0cade179c437d356d931a34d6c"
    integrity sha512-NOJ6JZCAWr0zlxZt+xqCHNTEKOsrks2HQd4MqhP1qy4z1SkbEP467eNx6TgDKXMvUOb+OENfJCZwM+16n7fRfw==
